<?xml version="1.0" encoding="UTF-8"?>
<testsuites name="Test Suite Collection-Login" time="17.322" tests="1" failures="0" errors="0">
   <testsuite name="Test Suite-Login" tests="1" failures="0" errors="0" time="13.144" skipped="0" timestamp="2023-01-18 15:13:47" hostname="imadu - DESKTOP-2394L3V" id="Test Suites/Test Suite-Login">
      <properties>
         <property name="deviceName" value=""/>
         <property name="devicePlatform" value=""/>
         <property name="logFolder" value="C:\\Users\\imadu\\git\\TestProgressKatalon\\Reports\\20230118_151341\\Test Suite-Login\\20230118_151342"/>
         <property name="logFiles" value="C:\\Users\\imadu\\git\\TestProgressKatalon\\Reports\\20230118_151341\\Test Suite-Login\\20230118_151342\\execution0.log"/>
         <property name="attachments" value="keyes\keyes-Login Page.png, keyes\keyes-User Login With Correct Account.png, keyes\keyes-Home Page.png"/>
         <property name="hostName" value="imadu - DESKTOP-2394L3V"/>
         <property name="os" value="Windows 10 64bit"/>
         <property name="katalonVersion" value="8.5.5.208"/>
         <property name="browser" value="Chrome 109.0.0.0"/>
         <property name="hostAddress" value="192.168.100.8"/>
         <property name="sessionId" value="4eecd8b6156693c940aaa8570d32b4f5"/>
         <property name="seleniumVersion" value="3.141.59"/>
         <property name="proxyInformation" value="ProxyInformation { proxyOption=NO_PROXY, proxyServerType=HTTP, username=, password=********, proxyServerAddress=, proxyServerPort=0, executionList=&quot;&quot;, isApplyToDesiredCapabilities=true }"/>
         <property name="platform" value="Windows 10"/>
      </properties>
      <testcase name="Test Cases/TC1-Login page verification" time="12.737" classname="Test Cases/TC1-Login page verification" status="PASSED">
         <system-out><![CDATA[2023-01-18 15:13:47 - [TEST_CASE][PASSED] - Test Cases/TC1-Login page verification: Test Cases/TC1-Login page verification

2023-01-18 15:13:48 - [TEST_STEP][PASSED] - openBrowser("https://www.saucedemo.com/"): Browser is opened with url: 'https://www.saucedemo.com/'

2023-01-18 15:13:48 - [MESSAGE][INFO] - Starting 'Chrome' driver

2023-01-18 15:13:49 - [MESSAGE][INFO] - Action delay is set to 0 milliseconds

2023-01-18 15:13:51 - [MESSAGE][PASSED] - Browser is opened with url: 'https://www.saucedemo.com/'

2023-01-18 15:13:51 - [TEST_STEP][PASSED] - maximizeWindow(): Current window maximized

2023-01-18 15:13:52 - [MESSAGE][PASSED] - Current window maximized

2023-01-18 15:13:52 - [TEST_STEP][PASSED] - waitForElementPresent(findTestObject("Logo login page"), 0): Object 'Object Repository/Logo login page' is present

2023-01-18 15:13:52 - [MESSAGE][WARNING] - Timeout '0' is invalid. Using default page load timeout: '30'

2023-01-18 15:13:52 - [MESSAGE][PASSED] - Object 'Object Repository/Logo login page' is present

2023-01-18 15:13:52 - [TEST_STEP][PASSED] - takeScreenshotAsCheckpoint("Login Page", []): Taking screenshot successfully

2023-01-18 15:13:53 - [MESSAGE][INFO] - 0 hidden object(s)

2023-01-18 15:13:54 - [MESSAGE][PASSED] - Taking screenshot successfully
[[ATTACHMENT|keyes\keyes-Login Page.png]]

2023-01-18 15:13:54 - [TEST_STEP][PASSED] - verifyElementPresent(findTestObject("Username field"), 0): Object 'Object Repository/Username field' is present

2023-01-18 15:13:54 - [MESSAGE][WARNING] - Timeout '0' is invalid. Using default page load timeout: '30'

2023-01-18 15:13:54 - [MESSAGE][PASSED] - Object 'Object Repository/Username field' is present

2023-01-18 15:13:54 - [TEST_STEP][PASSED] - setText(findTestObject("Username field"), "standard_user"): Text 'standard_user' is set on object 'Object Repository/Username field'

2023-01-18 15:13:55 - [MESSAGE][PASSED] - Text 'standard_user' is set on object 'Object Repository/Username field'

2023-01-18 15:13:55 - [TEST_STEP][PASSED] - verifyElementPresent(findTestObject("Password field"), 0): Object 'Object Repository/Password field' is present

2023-01-18 15:13:55 - [MESSAGE][WARNING] - Timeout '0' is invalid. Using default page load timeout: '30'

2023-01-18 15:13:55 - [MESSAGE][PASSED] - Object 'Object Repository/Password field' is present

2023-01-18 15:13:55 - [TEST_STEP][PASSED] - setText(findTestObject("Password field"), "secret_sauce"): Text 'secret_sauce' is set on object 'Object Repository/Password field'

2023-01-18 15:13:57 - [MESSAGE][PASSED] - Text 'secret_sauce' is set on object 'Object Repository/Password field'

2023-01-18 15:13:57 - [TEST_STEP][PASSED] - takeScreenshotAsCheckpoint("User Login With Correct Account", []): Taking screenshot successfully

2023-01-18 15:13:57 - [MESSAGE][INFO] - 0 hidden object(s)

2023-01-18 15:13:57 - [MESSAGE][PASSED] - Taking screenshot successfully
[[ATTACHMENT|keyes\keyes-User Login With Correct Account.png]]

2023-01-18 15:13:57 - [TEST_STEP][PASSED] - submit(findTestObject("Password field")): The form containing object: 'Object Repository/Password field' is submitted

2023-01-18 15:13:58 - [MESSAGE][PASSED] - The form containing object: 'Object Repository/Password field' is submitted

2023-01-18 15:13:58 - [TEST_STEP][PASSED] - waitForElementPresent(findTestObject("Logo home page"), 0): Object 'Object Repository/Logo home page' is present

2023-01-18 15:13:58 - [MESSAGE][WARNING] - Timeout '0' is invalid. Using default page load timeout: '30'

2023-01-18 15:13:58 - [MESSAGE][PASSED] - Object 'Object Repository/Logo home page' is present

2023-01-18 15:13:58 - [TEST_STEP][PASSED] - takeScreenshotAsCheckpoint("Home Page", []): Taking screenshot successfully

2023-01-18 15:13:59 - [MESSAGE][INFO] - 0 hidden object(s)

2023-01-18 15:13:59 - [MESSAGE][PASSED] - Taking screenshot successfully
[[ATTACHMENT|keyes\keyes-Home Page.png]]

2023-01-18 15:13:59 - [TEST_STEP][PASSED] - closeBrowser(): Browser is closed

2023-01-18 15:14:00 - [MESSAGE][PASSED] - Browser is closed]]></system-out>
         <system-err><![CDATA[]]></system-err>
      </testcase>
      <system-out><![CDATA[2023-01-18 15:13:47 - [TEST_SUITE][PASSED] - Test Suite-Login: Test Cases/TC1-Login page verification]]></system-out>
      <system-err><![CDATA[]]></system-err>
   </testsuite>
</testsuites>
